<?xml version="1.0" encoding="UTF-8"?>
<testng-results skipped="0" failed="1" total="2" passed="1">
  <reporter-output>
  </reporter-output>
  <suite name="Default suite" duration-ms="22047" started-at="2020-02-09T06:25:44Z" finished-at="2020-02-09T06:26:06Z">
    <groups>
    </groups>
    <test name="Default test" duration-ms="22047" started-at="2020-02-09T06:25:44Z" finished-at="2020-02-09T06:26:06Z">
      <class name="com.orange.extentreport.ExtentReportV4">
        <test-method status="PASS" signature="extentReportSetup()[pri:0, instance:com.orange.extentreport.ExtentReportV4@ae45eb6]" name="extentReportSetup" is-config="true" duration-ms="305" started-at="2020-02-09T11:55:44Z" finished-at="2020-02-09T11:55:44Z">
          <reporter-output>
          </reporter-output>
        </test-method> <!-- extentReportSetup -->
        <test-method status="PASS" signature="setup()[pri:0, instance:com.orange.extentreport.ExtentReportV4@ae45eb6]" name="setup" is-config="true" duration-ms="10160" started-at="2020-02-09T11:55:44Z" finished-at="2020-02-09T11:55:55Z">
          <reporter-output>
          </reporter-output>
        </test-method> <!-- setup -->
        <test-method status="FAIL" signature="GoogleLogoValidation()[pri:0, instance:com.orange.extentreport.ExtentReportV4@ae45eb6]" name="GoogleLogoValidation" duration-ms="497" started-at="2020-02-09T11:55:55Z" finished-at="2020-02-09T11:55:55Z">
          <exception class="java.lang.AssertionError">
            <message>
              <![CDATA[expected [false] but found [true]]]>
            </message>
            <full-stacktrace>
              <![CDATA[java.lang.AssertionError: expected [false] but found [true]
	at org.testng.Assert.fail(Assert.java:94)
	at org.testng.Assert.failNotEquals(Assert.java:513)
	at org.testng.Assert.assertFalse(Assert.java:63)
	at org.testng.Assert.assertFalse(Assert.java:73)
	at com.orange.extentreport.ExtentReportV4.GoogleLogoValidation(ExtentReportV4.java:90)
	at sun.reflect.NativeMethodAccessorImpl.invoke0(Native Method)
	at sun.reflect.NativeMethodAccessorImpl.invoke(Unknown Source)
	at sun.reflect.DelegatingMethodAccessorImpl.invoke(Unknown Source)
	at java.lang.reflect.Method.invoke(Unknown Source)
	at org.testng.internal.MethodInvocationHelper.invokeMethod(MethodInvocationHelper.java:100)
	at org.testng.internal.Invoker.invokeMethod(Invoker.java:646)
	at org.testng.internal.Invoker.invokeTestMethod(Invoker.java:811)
	at org.testng.internal.Invoker.invokeTestMethods(Invoker.java:1129)
	at org.testng.internal.TestMethodWorker.invokeTestMethods(TestMethodWorker.java:129)
	at org.testng.internal.TestMethodWorker.run(TestMethodWorker.java:112)
	at org.testng.TestRunner.privateRun(TestRunner.java:746)
	at org.testng.TestRunner.run(TestRunner.java:600)
	at org.testng.SuiteRunner.runTest(SuiteRunner.java:366)
	at org.testng.SuiteRunner.runSequentially(SuiteRunner.java:361)
	at org.testng.SuiteRunner.privateRun(SuiteRunner.java:319)
	at org.testng.SuiteRunner.run(SuiteRunner.java:268)
	at org.testng.SuiteRunnerWorker.runSuite(SuiteRunnerWorker.java:52)
	at org.testng.SuiteRunnerWorker.run(SuiteRunnerWorker.java:86)
	at org.testng.TestNG.runSuitesSequentially(TestNG.java:1264)
	at org.testng.TestNG.runSuitesLocally(TestNG.java:1189)
	at org.testng.TestNG.runSuites(TestNG.java:1104)
	at org.testng.TestNG.run(TestNG.java:1076)
	at org.testng.remote.AbstractRemoteTestNG.run(AbstractRemoteTestNG.java:126)
	at org.testng.remote.RemoteTestNG.initAndRun(RemoteTestNG.java:152)
	at org.testng.remote.RemoteTestNG.main(RemoteTestNG.java:57)
]]>
            </full-stacktrace>
          </exception> <!-- java.lang.AssertionError -->
          <reporter-output>
          </reporter-output>
        </test-method> <!-- GoogleLogoValidation -->
        <test-method status="PASS" signature="getResult(org.testng.ITestResult)[pri:0, instance:com.orange.extentreport.ExtentReportV4@ae45eb6]" name="getResult" is-config="true" duration-ms="1504" started-at="2020-02-09T11:55:55Z" finished-at="2020-02-09T11:55:57Z">
          <params>
            <param index="0">
              <value>
                <![CDATA[[TestResult name=GoogleLogoValidation status=FAILURE method=ExtentReportV4.GoogleLogoValidation()[pri:0, instance:com.orange.extentreport.ExtentReportV4@ae45eb6] output={null}]]]>
              </value>
            </param>
          </params>
          <reporter-output>
          </reporter-output>
        </test-method> <!-- getResult -->
        <test-method status="PASS" signature="setup()[pri:0, instance:com.orange.extentreport.ExtentReportV4@ae45eb6]" name="setup" is-config="true" duration-ms="7904" started-at="2020-02-09T11:55:57Z" finished-at="2020-02-09T11:56:05Z">
          <reporter-output>
          </reporter-output>
        </test-method> <!-- setup -->
        <test-method status="PASS" signature="GoogleTittleValidation()[pri:0, instance:com.orange.extentreport.ExtentReportV4@ae45eb6]" name="GoogleTittleValidation" duration-ms="20" started-at="2020-02-09T11:56:05Z" finished-at="2020-02-09T11:56:05Z">
          <reporter-output>
          </reporter-output>
        </test-method> <!-- GoogleTittleValidation -->
        <test-method status="PASS" signature="getResult(org.testng.ITestResult)[pri:0, instance:com.orange.extentreport.ExtentReportV4@ae45eb6]" name="getResult" is-config="true" duration-ms="792" started-at="2020-02-09T11:56:05Z" finished-at="2020-02-09T11:56:05Z">
          <params>
            <param index="0">
              <value>
                <![CDATA[[TestResult name=GoogleTittleValidation status=SUCCESS method=ExtentReportV4.GoogleTittleValidation()[pri:0, instance:com.orange.extentreport.ExtentReportV4@ae45eb6] output={null}]]]>
              </value>
            </param>
          </params>
          <reporter-output>
          </reporter-output>
        </test-method> <!-- getResult -->
        <test-method status="PASS" signature="endReport()[pri:0, instance:com.orange.extentreport.ExtentReportV4@ae45eb6]" name="endReport" is-config="true" duration-ms="764" started-at="2020-02-09T11:56:05Z" finished-at="2020-02-09T11:56:06Z">
          <reporter-output>
          </reporter-output>
        </test-method> <!-- endReport -->
      </class> <!-- com.orange.extentreport.ExtentReportV4 -->
    </test> <!-- Default test -->
  </suite> <!-- Default suite -->
</testng-results>
